<?xml version="1.0" encoding="UTF-8"?>
<robot generator="Robot 6.0.2 (Python 3.11.2 on win32)" generated="20230328 16:27:23.437" rpa="false" schemaversion="3">
<suite id="s1" name="Demo" source="c:\Users\kimfu\Desktop\Robot_Prj1\Test_Cases\Demo.robot">
<test id="s1-t1" name="Login_test" line="6">
<kw name="Se connecter a l'application Orange demo" library="Resource01">
<kw name="Open Browser" library="SeleniumLibrary">
<arg>${url}</arg>
<arg>${browser}</arg>
<doc>Opens a new browser instance to the optional ``url``.</doc>
<msg timestamp="20230328 16:27:23.772" level="INFO">Opening browser 'chrome' to base url 'https://opensource-demo.orangehrmlive.com/web/index.php/auth/login'.</msg>
<status status="PASS" starttime="20230328 16:27:23.771" endtime="20230328 16:27:27.454"/>
</kw>
<kw name="Maximize Browser Window" library="SeleniumLibrary">
<doc>Maximizes current browser window.</doc>
<status status="PASS" starttime="20230328 16:27:27.455" endtime="20230328 16:27:27.584"/>
</kw>
<kw name="Sleep" library="BuiltIn">
<arg>3</arg>
<doc>Pauses the test executed for the given time.</doc>
<msg timestamp="20230328 16:27:30.586" level="INFO">Slept 3 seconds</msg>
<status status="PASS" starttime="20230328 16:27:27.585" endtime="20230328 16:27:30.588"/>
</kw>
<status status="PASS" starttime="20230328 16:27:23.769" endtime="20230328 16:27:30.588"/>
</kw>
<kw name="Saisir le nom d'utilisateur" library="Resource01">
<kw name="Input Text" library="SeleniumLibrary">
<arg>name:username</arg>
<arg>Admin</arg>
<doc>Types the given ``text`` into the text field identified by ``locator``.</doc>
<msg timestamp="20230328 16:27:30.592" level="INFO">Typing text 'Admin' into text field 'name:username'.</msg>
<status status="PASS" starttime="20230328 16:27:30.590" endtime="20230328 16:27:30.713"/>
</kw>
<status status="PASS" starttime="20230328 16:27:30.590" endtime="20230328 16:27:30.713"/>
</kw>
<kw name="Saisir le mot de passe" library="Resource01">
<kw name="Input Text" library="SeleniumLibrary">
<arg>name:password</arg>
<arg>admin123</arg>
<doc>Types the given ``text`` into the text field identified by ``locator``.</doc>
<msg timestamp="20230328 16:27:30.715" level="INFO">Typing text 'admin123' into text field 'name:password'.</msg>
<status status="PASS" starttime="20230328 16:27:30.715" endtime="20230328 16:27:30.865"/>
</kw>
<status status="PASS" starttime="20230328 16:27:30.714" endtime="20230328 16:27:30.868"/>
</kw>
<kw name="Cliquer sur le bouton login" library="Resource01">
<kw name="Click Button" library="SeleniumLibrary">
<arg>xpath://button</arg>
<doc>Clicks the button identified by ``locator``.</doc>
<msg timestamp="20230328 16:27:30.873" level="INFO">Clicking button 'xpath://button'.</msg>
<status status="PASS" starttime="20230328 16:27:30.872" endtime="20230328 16:27:32.133"/>
</kw>
<kw name="Sleep" library="BuiltIn">
<arg>3</arg>
<doc>Pauses the test executed for the given time.</doc>
<msg timestamp="20230328 16:27:35.137" level="INFO">Slept 3 seconds</msg>
<status status="PASS" starttime="20230328 16:27:32.136" endtime="20230328 16:27:35.137"/>
</kw>
<status status="PASS" starttime="20230328 16:27:30.870" endtime="20230328 16:27:35.137"/>
</kw>
<kw name="Prendre une copie de l'ecran" library="Resource01">
<kw name="Capture Page Screenshot" library="SeleniumLibrary">
<arg>./Screenshots/Login.png</arg>
<doc>Takes a screenshot of the current page and embeds it into a log file.</doc>
<msg timestamp="20230328 16:27:35.256" level="INFO" html="true">&lt;/td&gt;&lt;/tr&gt;&lt;tr&gt;&lt;td colspan="3"&gt;&lt;a href="Screenshots/Login.png"&gt;&lt;img src="Screenshots/Login.png" width="800px"&gt;&lt;/a&gt;</msg>
<status status="PASS" starttime="20230328 16:27:35.139" endtime="20230328 16:27:35.256"/>
</kw>
<kw name="Capture Element Screenshot" library="SeleniumLibrary">
<arg>xpath://h6</arg>
<arg>./Screenshots/Dashboard.png</arg>
<doc>Captures a screenshot from the element identified by ``locator`` and embeds it into log file.</doc>
<msg timestamp="20230328 16:27:35.343" level="INFO" html="true">&lt;/td&gt;&lt;/tr&gt;&lt;tr&gt;&lt;td colspan="3"&gt;&lt;a href="Screenshots/Dashboard.png"&gt;&lt;img src="Screenshots/Dashboard.png" width="400px"&gt;&lt;/a&gt;</msg>
<status status="PASS" starttime="20230328 16:27:35.257" endtime="20230328 16:27:35.344"/>
</kw>
<status status="PASS" starttime="20230328 16:27:35.138" endtime="20230328 16:27:35.344"/>
</kw>
<kw name="Valider que la page d'accueil s'affiche" library="Resource01">
<kw name="Page Should Contain" library="SeleniumLibrary">
<arg>Dashboard</arg>
<doc>Verifies that current page contains ``text``.</doc>
<msg timestamp="20230328 16:27:35.381" level="INFO">Current page contains text 'Dashboard'.</msg>
<status status="PASS" starttime="20230328 16:27:35.345" endtime="20230328 16:27:35.382"/>
</kw>
<status status="PASS" starttime="20230328 16:27:35.345" endtime="20230328 16:27:35.383"/>
</kw>
<status status="PASS" starttime="20230328 16:27:23.768" endtime="20230328 16:27:35.385"/>
</test>
<status status="PASS" starttime="20230328 16:27:23.443" endtime="20230328 16:27:35.392"/>
</suite>
<statistics>
<total>
<stat pass="1" fail="0" skip="0">All Tests</stat>
</total>
<tag>
</tag>
<suite>
<stat pass="1" fail="0" skip="0" id="s1" name="Demo">Demo</stat>
</suite>
</statistics>
<errors>
</errors>
</robot>
